2023-04-14 00:01:42,287 INFO org.springframework.orm.jpa.AbstractEntityManagerFactoryBean [SpringApplicationShutdownHook] Closing JPA EntityManagerFactory for persistence unit 'default'
2023-04-14 00:01:42,308 INFO com.zaxxer.hikari.HikariDataSource [SpringApplicationShutdownHook] HikariPool-1 - Shutdown initiated...
2023-04-14 00:01:42,328 INFO com.zaxxer.hikari.HikariDataSource [SpringApplicationShutdownHook] HikariPool-1 - Shutdown completed.
2023-04-14 00:01:52,313 INFO org.springframework.boot.StartupInfoLogger [main] Starting PFEApplication using Java 19.0.1 on DESKTOP-3MMNENU with PID 16024 (C:\Users\Maryama\Desktop\java tp\PFEProject\target\classes started by Maryama in C:\Users\Maryama\Desktop\java tp\PFEProject)
2023-04-14 00:01:52,321 INFO org.springframework.boot.SpringApplication [main] The following profiles are active: local
2023-04-14 00:01:54,293 INFO org.springframework.data.repository.config.RepositoryConfigurationDelegate [main] Bootstrapping Spring Data JPA repositories in DEFAULT mode.
2023-04-14 00:01:54,322 INFO org.springframework.data.repository.config.RepositoryConfigurationDelegate [main] Finished Spring Data repository scanning in 13 ms. Found 0 JPA repository interfaces.
2023-04-14 00:01:55,593 INFO org.springframework.boot.web.embedded.tomcat.TomcatWebServer [main] Tomcat initialized with port(s): 8085 (http)
2023-04-14 00:01:55,624 INFO org.apache.juli.logging.DirectJDKLog [main] Initializing ProtocolHandler ["http-nio-8085"]
2023-04-14 00:01:55,625 INFO org.apache.juli.logging.DirectJDKLog [main] Starting service [Tomcat]
2023-04-14 00:01:55,626 INFO org.apache.juli.logging.DirectJDKLog [main] Starting Servlet engine: [Apache Tomcat/9.0.46]
2023-04-14 00:01:55,806 INFO org.apache.juli.logging.DirectJDKLog [main] Initializing Spring embedded WebApplicationContext
2023-04-14 00:01:55,808 INFO org.springframework.boot.web.servlet.context.ServletWebServerApplicationContext [main] Root WebApplicationContext: initialization completed in 3282 ms
2023-04-14 00:01:56,085 INFO com.zaxxer.hikari.HikariDataSource [main] HikariPool-1 - Starting...
2023-04-14 00:01:56,385 INFO com.zaxxer.hikari.HikariDataSource [main] HikariPool-1 - Start completed.
2023-04-14 00:01:56,656 INFO org.hibernate.jpa.internal.util.LogHelper [main] HHH000204: Processing PersistenceUnitInfo [name: default]
2023-04-14 00:01:56,960 INFO org.hibernate.Version [main] HHH000412: Hibernate ORM core version 5.4.32.Final
2023-04-14 00:01:57,589 INFO org.hibernate.annotations.common.reflection.java.JavaReflectionManager [main] HCANN000001: Hibernate Commons Annotations {5.1.2.Final}
2023-04-14 00:01:57,771 INFO org.hibernate.dialect.Dialect [main] HHH000400: Using dialect: org.hibernate.dialect.MySQL5Dialect
2023-04-14 00:01:59,004 INFO org.hibernate.engine.transaction.jta.platform.internal.JtaPlatformInitiator [main] HHH000490: Using JtaPlatform implementation: [org.hibernate.engine.transaction.jta.platform.internal.NoJtaPlatform]
2023-04-14 00:01:59,033 INFO org.springframework.orm.jpa.AbstractEntityManagerFactoryBean [main] Initialized JPA EntityManagerFactory for persistence unit 'default'
2023-04-14 00:01:59,448 WARN org.springframework.boot.autoconfigure.orm.jpa.JpaBaseConfiguration$JpaWebConfiguration [main] spring.jpa.open-in-view is enabled by default. Therefore, database queries may be performed during view rendering. Explicitly configure spring.jpa.open-in-view to disable this warning
2023-04-14 00:02:00,234 INFO org.apache.juli.logging.DirectJDKLog [main] Starting ProtocolHandler ["http-nio-8085"]
2023-04-14 00:02:00,324 INFO org.springframework.boot.web.embedded.tomcat.TomcatWebServer [main] Tomcat started on port(s): 8085 (http) with context path ''
2023-04-14 00:02:00,670 INFO org.springframework.boot.StartupInfoLogger [main] Started PFEApplication in 9.642 seconds (JVM running for 11.329)
2023-04-14 00:14:56,015 INFO org.springframework.orm.jpa.AbstractEntityManagerFactoryBean [SpringApplicationShutdownHook] Closing JPA EntityManagerFactory for persistence unit 'default'
2023-04-14 00:14:56,036 INFO com.zaxxer.hikari.HikariDataSource [SpringApplicationShutdownHook] HikariPool-1 - Shutdown initiated...
2023-04-14 00:14:56,056 INFO com.zaxxer.hikari.HikariDataSource [SpringApplicationShutdownHook] HikariPool-1 - Shutdown completed.
2023-04-14 00:18:49,838 INFO org.springframework.boot.StartupInfoLogger [main] Starting PFEApplication using Java 19.0.1 on DESKTOP-3MMNENU with PID 10556 (C:\Users\Maryama\Desktop\java tp\PFEProject\target\classes started by Maryama in C:\Users\Maryama\Desktop\java tp\PFEProject)
2023-04-14 00:18:49,858 INFO org.springframework.boot.SpringApplication [main] The following profiles are active: local
2023-04-14 00:18:51,435 INFO org.springframework.data.repository.config.RepositoryConfigurationDelegate [main] Bootstrapping Spring Data JPA repositories in DEFAULT mode.
2023-04-14 00:18:51,461 INFO org.springframework.data.repository.config.RepositoryConfigurationDelegate [main] Finished Spring Data repository scanning in 14 ms. Found 0 JPA repository interfaces.
2023-04-14 00:18:52,514 INFO org.springframework.boot.web.embedded.tomcat.TomcatWebServer [main] Tomcat initialized with port(s): 8085 (http)
2023-04-14 00:18:52,542 INFO org.apache.juli.logging.DirectJDKLog [main] Initializing ProtocolHandler ["http-nio-8085"]
2023-04-14 00:18:52,546 INFO org.apache.juli.logging.DirectJDKLog [main] Starting service [Tomcat]
2023-04-14 00:18:52,547 INFO org.apache.juli.logging.DirectJDKLog [main] Starting Servlet engine: [Apache Tomcat/9.0.46]
2023-04-14 00:18:52,715 INFO org.apache.juli.logging.DirectJDKLog [main] Initializing Spring embedded WebApplicationContext
2023-04-14 00:18:52,715 INFO org.springframework.boot.web.servlet.context.ServletWebServerApplicationContext [main] Root WebApplicationContext: initialization completed in 2715 ms
2023-04-14 00:18:52,899 INFO com.zaxxer.hikari.HikariDataSource [main] HikariPool-1 - Starting...
2023-04-14 00:18:53,247 INFO com.zaxxer.hikari.HikariDataSource [main] HikariPool-1 - Start completed.
2023-04-14 00:18:53,550 INFO org.hibernate.jpa.internal.util.LogHelper [main] HHH000204: Processing PersistenceUnitInfo [name: default]
2023-04-14 00:18:53,718 INFO org.hibernate.Version [main] HHH000412: Hibernate ORM core version 5.4.32.Final
2023-04-14 00:18:54,055 INFO org.hibernate.annotations.common.reflection.java.JavaReflectionManager [main] HCANN000001: Hibernate Commons Annotations {5.1.2.Final}
2023-04-14 00:18:54,267 INFO org.hibernate.dialect.Dialect [main] HHH000400: Using dialect: org.hibernate.dialect.MySQL5Dialect
2023-04-14 00:18:55,371 INFO org.hibernate.engine.transaction.jta.platform.internal.JtaPlatformInitiator [main] HHH000490: Using JtaPlatform implementation: [org.hibernate.engine.transaction.jta.platform.internal.NoJtaPlatform]
2023-04-14 00:18:55,395 INFO org.springframework.orm.jpa.AbstractEntityManagerFactoryBean [main] Initialized JPA EntityManagerFactory for persistence unit 'default'
2023-04-14 00:18:55,826 WARN org.springframework.boot.autoconfigure.orm.jpa.JpaBaseConfiguration$JpaWebConfiguration [main] spring.jpa.open-in-view is enabled by default. Therefore, database queries may be performed during view rendering. Explicitly configure spring.jpa.open-in-view to disable this warning
2023-04-14 00:18:56,475 INFO org.apache.juli.logging.DirectJDKLog [main] Starting ProtocolHandler ["http-nio-8085"]
2023-04-14 00:18:56,582 INFO org.springframework.boot.web.embedded.tomcat.TomcatWebServer [main] Tomcat started on port(s): 8085 (http) with context path ''
2023-04-14 00:18:56,924 INFO org.springframework.boot.StartupInfoLogger [main] Started PFEApplication in 8.2 seconds (JVM running for 9.911)
2023-04-14 00:18:56,930 INFO ma.pfe.PFEApplication [main] Access URLs:
----------------------------------------------------------
	Local: 		http://127.0.0.1:8085/swagger-ui/#/
	External: 	http://192.168.1.122:8085/swagger-ui/#/
----------------------------------------------------------
2023-04-14 00:19:13,775 INFO org.apache.juli.logging.DirectJDKLog [http-nio-8085-exec-1] Initializing Spring DispatcherServlet 'dispatcherServlet'
2023-04-14 00:19:13,776 INFO org.springframework.web.servlet.FrameworkServlet [http-nio-8085-exec-1] Initializing Servlet 'dispatcherServlet'
2023-04-14 00:19:13,779 INFO org.springframework.web.servlet.FrameworkServlet [http-nio-8085-exec-1] Completed initialization in 2 ms
2023-04-14 00:36:52,621 INFO org.springframework.orm.jpa.AbstractEntityManagerFactoryBean [SpringApplicationShutdownHook] Closing JPA EntityManagerFactory for persistence unit 'default'
2023-04-14 00:36:52,729 INFO com.zaxxer.hikari.HikariDataSource [SpringApplicationShutdownHook] HikariPool-1 - Shutdown initiated...
2023-04-14 00:36:52,836 INFO com.zaxxer.hikari.HikariDataSource [SpringApplicationShutdownHook] HikariPool-1 - Shutdown completed.
2023-04-14 00:37:10,674 INFO org.springframework.boot.StartupInfoLogger [main] Starting PFEApplication using Java 19.0.1 on DESKTOP-3MMNENU with PID 11420 (C:\Users\Maryama\Desktop\java tp\PFEProject\target\classes started by Maryama in C:\Users\Maryama\Desktop\java tp\PFEProject)
2023-04-14 00:37:10,677 INFO org.springframework.boot.SpringApplication [main] The following profiles are active: local
2023-04-14 00:37:12,495 INFO org.springframework.data.repository.config.RepositoryConfigurationDelegate [main] Bootstrapping Spring Data JPA repositories in DEFAULT mode.
2023-04-14 00:37:12,521 INFO org.springframework.data.repository.config.RepositoryConfigurationDelegate [main] Finished Spring Data repository scanning in 13 ms. Found 0 JPA repository interfaces.
2023-04-14 00:37:13,880 INFO org.springframework.boot.web.embedded.tomcat.TomcatWebServer [main] Tomcat initialized with port(s): 8085 (http)
2023-04-14 00:37:13,933 INFO org.apache.juli.logging.DirectJDKLog [main] Initializing ProtocolHandler ["http-nio-8085"]
2023-04-14 00:37:13,934 INFO org.apache.juli.logging.DirectJDKLog [main] Starting service [Tomcat]
2023-04-14 00:37:13,935 INFO org.apache.juli.logging.DirectJDKLog [main] Starting Servlet engine: [Apache Tomcat/9.0.46]
2023-04-14 00:37:14,186 INFO org.apache.juli.logging.DirectJDKLog [main] Initializing Spring embedded WebApplicationContext
2023-04-14 00:37:14,186 INFO org.springframework.boot.web.servlet.context.ServletWebServerApplicationContext [main] Root WebApplicationContext: initialization completed in 3205 ms
2023-04-14 00:37:14,322 INFO com.zaxxer.hikari.HikariDataSource [main] HikariPool-1 - Starting...
2023-04-14 00:37:14,713 INFO com.zaxxer.hikari.HikariDataSource [main] HikariPool-1 - Start completed.
2023-04-14 00:37:14,998 INFO org.hibernate.jpa.internal.util.LogHelper [main] HHH000204: Processing PersistenceUnitInfo [name: default]
2023-04-14 00:37:15,219 INFO org.hibernate.Version [main] HHH000412: Hibernate ORM core version 5.4.32.Final
2023-04-14 00:37:15,583 INFO org.hibernate.annotations.common.reflection.java.JavaReflectionManager [main] HCANN000001: Hibernate Commons Annotations {5.1.2.Final}
2023-04-14 00:37:15,879 INFO org.hibernate.dialect.Dialect [main] HHH000400: Using dialect: org.hibernate.dialect.MySQL5Dialect
2023-04-14 00:37:17,024 INFO org.hibernate.engine.transaction.jta.platform.internal.JtaPlatformInitiator [main] HHH000490: Using JtaPlatform implementation: [org.hibernate.engine.transaction.jta.platform.internal.NoJtaPlatform]
2023-04-14 00:37:17,033 INFO org.springframework.orm.jpa.AbstractEntityManagerFactoryBean [main] Initialized JPA EntityManagerFactory for persistence unit 'default'
2023-04-14 00:37:17,569 WARN org.springframework.boot.autoconfigure.orm.jpa.JpaBaseConfiguration$JpaWebConfiguration [main] spring.jpa.open-in-view is enabled by default. Therefore, database queries may be performed during view rendering. Explicitly configure spring.jpa.open-in-view to disable this warning
2023-04-14 00:37:18,335 INFO org.apache.juli.logging.DirectJDKLog [main] Starting ProtocolHandler ["http-nio-8085"]
2023-04-14 00:37:18,436 INFO org.springframework.boot.web.embedded.tomcat.TomcatWebServer [main] Tomcat started on port(s): 8085 (http) with context path ''
2023-04-14 00:37:18,762 INFO org.springframework.boot.StartupInfoLogger [main] Started PFEApplication in 9.859 seconds (JVM running for 13.547)
2023-04-14 00:37:18,769 INFO ma.pfe.PFEApplication [main] Access URLs:
----------------------------------------------------------
	Local: 		http://127.0.0.1:8085/swagger-ui/#/
	External: 	http://192.168.1.122:8085/swagger-ui/#/
----------------------------------------------------------
2023-04-14 00:37:29,407 INFO org.apache.juli.logging.DirectJDKLog [http-nio-8085-exec-1] Initializing Spring DispatcherServlet 'dispatcherServlet'
2023-04-14 00:37:29,408 INFO org.springframework.web.servlet.FrameworkServlet [http-nio-8085-exec-1] Initializing Servlet 'dispatcherServlet'
2023-04-14 00:37:29,409 INFO org.springframework.web.servlet.FrameworkServlet [http-nio-8085-exec-1] Completed initialization in 1 ms
2023-04-14 00:46:34,750 INFO org.springframework.orm.jpa.AbstractEntityManagerFactoryBean [SpringApplicationShutdownHook] Closing JPA EntityManagerFactory for persistence unit 'default'
2023-04-14 00:46:34,791 INFO com.zaxxer.hikari.HikariDataSource [SpringApplicationShutdownHook] HikariPool-1 - Shutdown initiated...
2023-04-14 00:46:34,823 INFO com.zaxxer.hikari.HikariDataSource [SpringApplicationShutdownHook] HikariPool-1 - Shutdown completed.
2023-04-14 00:46:49,770 INFO org.springframework.boot.StartupInfoLogger [main] Starting PFEApplication using Java 19.0.1 on DESKTOP-3MMNENU with PID 15140 (C:\Users\Maryama\Desktop\java tp\PFEProject\target\classes started by Maryama in C:\Users\Maryama\Desktop\java tp\PFEProject)
2023-04-14 00:46:49,774 INFO org.springframework.boot.SpringApplication [main] The following profiles are active: local
2023-04-14 00:46:51,787 INFO org.springframework.data.repository.config.RepositoryConfigurationDelegate [main] Bootstrapping Spring Data JPA repositories in DEFAULT mode.
2023-04-14 00:46:51,825 INFO org.springframework.data.repository.config.RepositoryConfigurationDelegate [main] Finished Spring Data repository scanning in 17 ms. Found 0 JPA repository interfaces.
2023-04-14 00:46:53,484 INFO org.springframework.boot.web.embedded.tomcat.TomcatWebServer [main] Tomcat initialized with port(s): 8085 (http)
2023-04-14 00:46:53,540 INFO org.apache.juli.logging.DirectJDKLog [main] Initializing ProtocolHandler ["http-nio-8085"]
2023-04-14 00:46:53,542 INFO org.apache.juli.logging.DirectJDKLog [main] Starting service [Tomcat]
2023-04-14 00:46:53,542 INFO org.apache.juli.logging.DirectJDKLog [main] Starting Servlet engine: [Apache Tomcat/9.0.46]
2023-04-14 00:46:53,813 INFO org.apache.juli.logging.DirectJDKLog [main] Initializing Spring embedded WebApplicationContext
2023-04-14 00:46:53,813 INFO org.springframework.boot.web.servlet.context.ServletWebServerApplicationContext [main] Root WebApplicationContext: initialization completed in 3925 ms
2023-04-14 00:46:54,005 INFO com.zaxxer.hikari.HikariDataSource [main] HikariPool-1 - Starting...
2023-04-14 00:46:54,674 INFO com.zaxxer.hikari.HikariDataSource [main] HikariPool-1 - Start completed.
2023-04-14 00:46:55,018 INFO org.hibernate.jpa.internal.util.LogHelper [main] HHH000204: Processing PersistenceUnitInfo [name: default]
2023-04-14 00:46:55,226 INFO org.hibernate.Version [main] HHH000412: Hibernate ORM core version 5.4.32.Final
2023-04-14 00:46:55,757 INFO org.hibernate.annotations.common.reflection.java.JavaReflectionManager [main] HCANN000001: Hibernate Commons Annotations {5.1.2.Final}
2023-04-14 00:46:55,986 INFO org.hibernate.dialect.Dialect [main] HHH000400: Using dialect: org.hibernate.dialect.MySQL5Dialect
2023-04-14 00:46:57,438 INFO org.hibernate.engine.transaction.jta.platform.internal.JtaPlatformInitiator [main] HHH000490: Using JtaPlatform implementation: [org.hibernate.engine.transaction.jta.platform.internal.NoJtaPlatform]
2023-04-14 00:46:57,453 INFO org.springframework.orm.jpa.AbstractEntityManagerFactoryBean [main] Initialized JPA EntityManagerFactory for persistence unit 'default'
2023-04-14 00:46:58,070 WARN org.springframework.boot.autoconfigure.orm.jpa.JpaBaseConfiguration$JpaWebConfiguration [main] spring.jpa.open-in-view is enabled by default. Therefore, database queries may be performed during view rendering. Explicitly configure spring.jpa.open-in-view to disable this warning
2023-04-14 00:46:58,784 INFO org.apache.juli.logging.DirectJDKLog [main] Starting ProtocolHandler ["http-nio-8085"]
2023-04-14 00:46:58,909 INFO org.springframework.boot.web.embedded.tomcat.TomcatWebServer [main] Tomcat started on port(s): 8085 (http) with context path ''
2023-04-14 00:46:59,288 INFO org.springframework.boot.StartupInfoLogger [main] Started PFEApplication in 11.034 seconds (JVM running for 13.86)
2023-04-14 00:46:59,294 INFO ma.pfe.PFEApplication [main] Access URLs:
----------------------------------------------------------
	Local: 		http://127.0.0.1:8085/swagger-ui/#/
	External: 	http://192.168.1.122:8085/swagger-ui/#/
----------------------------------------------------------
2023-04-14 00:47:08,291 INFO org.apache.juli.logging.DirectJDKLog [http-nio-8085-exec-1] Initializing Spring DispatcherServlet 'dispatcherServlet'
2023-04-14 00:47:08,292 INFO org.springframework.web.servlet.FrameworkServlet [http-nio-8085-exec-1] Initializing Servlet 'dispatcherServlet'
2023-04-14 00:47:08,294 INFO org.springframework.web.servlet.FrameworkServlet [http-nio-8085-exec-1] Completed initialization in 2 ms
2023-04-14 00:54:10,681 INFO org.springframework.orm.jpa.AbstractEntityManagerFactoryBean [SpringApplicationShutdownHook] Closing JPA EntityManagerFactory for persistence unit 'default'
2023-04-14 00:54:10,699 INFO com.zaxxer.hikari.HikariDataSource [SpringApplicationShutdownHook] HikariPool-1 - Shutdown initiated...
2023-04-14 00:54:10,719 INFO com.zaxxer.hikari.HikariDataSource [SpringApplicationShutdownHook] HikariPool-1 - Shutdown completed.
2023-04-14 00:54:26,048 INFO org.springframework.boot.StartupInfoLogger [main] Starting PFEApplication using Java 19.0.1 on DESKTOP-3MMNENU with PID 6620 (C:\Users\Maryama\Desktop\java tp\PFEProject\target\classes started by Maryama in C:\Users\Maryama\Desktop\java tp\PFEProject)
2023-04-14 00:54:26,058 INFO org.springframework.boot.SpringApplication [main] The following profiles are active: local
2023-04-14 00:54:28,169 INFO org.springframework.data.repository.config.RepositoryConfigurationDelegate [main] Bootstrapping Spring Data JPA repositories in DEFAULT mode.
2023-04-14 00:54:28,207 INFO org.springframework.data.repository.config.RepositoryConfigurationDelegate [main] Finished Spring Data repository scanning in 23 ms. Found 0 JPA repository interfaces.
2023-04-14 00:54:29,659 INFO org.springframework.boot.web.embedded.tomcat.TomcatWebServer [main] Tomcat initialized with port(s): 8085 (http)
2023-04-14 00:54:29,707 INFO org.apache.juli.logging.DirectJDKLog [main] Initializing ProtocolHandler ["http-nio-8085"]
2023-04-14 00:54:29,709 INFO org.apache.juli.logging.DirectJDKLog [main] Starting service [Tomcat]
2023-04-14 00:54:29,710 INFO org.apache.juli.logging.DirectJDKLog [main] Starting Servlet engine: [Apache Tomcat/9.0.46]
2023-04-14 00:54:29,921 INFO org.apache.juli.logging.DirectJDKLog [main] Initializing Spring embedded WebApplicationContext
2023-04-14 00:54:29,921 INFO org.springframework.boot.web.servlet.context.ServletWebServerApplicationContext [main] Root WebApplicationContext: initialization completed in 3717 ms
2023-04-14 00:54:30,063 INFO com.zaxxer.hikari.HikariDataSource [main] HikariPool-1 - Starting...
2023-04-14 00:54:30,400 INFO com.zaxxer.hikari.pool.PoolBase [main] HikariPool-1 - Driver does not support get/set network timeout for connections. (Receiver class com.mysql.jdbc.JDBC4Connection does not define or inherit an implementation of the resolved method 'abstract int getNetworkTimeout()' of interface java.sql.Connection.)
2023-04-14 00:54:30,405 INFO com.zaxxer.hikari.HikariDataSource [main] HikariPool-1 - Start completed.
2023-04-14 00:54:30,892 INFO org.hibernate.jpa.internal.util.LogHelper [main] HHH000204: Processing PersistenceUnitInfo [name: default]
2023-04-14 00:54:31,118 INFO org.hibernate.Version [main] HHH000412: Hibernate ORM core version 5.4.32.Final
2023-04-14 00:54:31,536 INFO org.hibernate.annotations.common.reflection.java.JavaReflectionManager [main] HCANN000001: Hibernate Commons Annotations {5.1.2.Final}
2023-04-14 00:54:31,911 INFO org.hibernate.dialect.Dialect [main] HHH000400: Using dialect: org.hibernate.dialect.MySQL5Dialect
2023-04-14 00:54:32,961 INFO org.hibernate.engine.transaction.jta.platform.internal.JtaPlatformInitiator [main] HHH000490: Using JtaPlatform implementation: [org.hibernate.engine.transaction.jta.platform.internal.NoJtaPlatform]
2023-04-14 00:54:32,989 INFO org.springframework.orm.jpa.AbstractEntityManagerFactoryBean [main] Initialized JPA EntityManagerFactory for persistence unit 'default'
2023-04-14 00:54:33,464 WARN org.springframework.boot.autoconfigure.orm.jpa.JpaBaseConfiguration$JpaWebConfiguration [main] spring.jpa.open-in-view is enabled by default. Therefore, database queries may be performed during view rendering. Explicitly configure spring.jpa.open-in-view to disable this warning
2023-04-14 00:54:34,162 INFO org.apache.juli.logging.DirectJDKLog [main] Starting ProtocolHandler ["http-nio-8085"]
2023-04-14 00:54:34,255 INFO org.springframework.boot.web.embedded.tomcat.TomcatWebServer [main] Tomcat started on port(s): 8085 (http) with context path ''
2023-04-14 00:54:34,541 INFO org.springframework.boot.StartupInfoLogger [main] Started PFEApplication in 9.797 seconds (JVM running for 11.314)
2023-04-14 00:54:34,548 INFO ma.pfe.PFEApplication [main] Access URLs:
----------------------------------------------------------
	Local: 		http://127.0.0.1:8085/swagger-ui/#/
	External: 	http://192.168.1.122:8085/swagger-ui/#/
----------------------------------------------------------
2023-04-14 00:55:29,171 INFO org.apache.juli.logging.DirectJDKLog [http-nio-8085-exec-1] Initializing Spring DispatcherServlet 'dispatcherServlet'
2023-04-14 00:55:29,171 INFO org.springframework.web.servlet.FrameworkServlet [http-nio-8085-exec-1] Initializing Servlet 'dispatcherServlet'
2023-04-14 00:55:29,173 INFO org.springframework.web.servlet.FrameworkServlet [http-nio-8085-exec-1] Completed initialization in 1 ms
2023-04-14 09:46:37,165 WARN com.zaxxer.hikari.pool.HikariPool$HouseKeeper [HikariPool-1 housekeeper] HikariPool-1 - Thread starvation or clock leap detected (housekeeper delta=8h45m36s564ms961µs600ns).
